e:\user\dev\learning\space-game\spacegame\spacegame\x64\debug\vc143.pdb
e:\user\dev\learning\space-game\spacegame\spacegame\x64\debug\vc143.idb
e:\user\dev\learning\space-game\spacegame\spacegame\x64\debug\window.obj
e:\user\dev\learning\space-game\spacegame\spacegame\x64\debug\timer.obj
e:\user\dev\learning\space-game\spacegame\spacegame\x64\debug\texture.obj
e:\user\dev\learning\space-game\spacegame\spacegame\x64\debug\sprite.obj
e:\user\dev\learning\space-game\spacegame\spacegame\x64\debug\scene.obj
e:\user\dev\learning\space-game\spacegame\spacegame\x64\debug\renderer.obj
e:\user\dev\learning\space-game\spacegame\spacegame\x64\debug\player.obj
e:\user\dev\learning\space-game\spacegame\spacegame\x64\debug\pivot.obj
e:\user\dev\learning\space-game\spacegame\spacegame\x64\debug\pacman.obj
e:\user\dev\learning\space-game\spacegame\spacegame\x64\debug\object.obj
e:\user\dev\learning\space-game\spacegame\spacegame\x64\debug\level2.obj
e:\user\dev\learning\space-game\spacegame\spacegame\x64\debug\level1.obj
e:\user\dev\learning\space-game\spacegame\spacegame\x64\debug\image.obj
e:\user\dev\learning\space-game\spacegame\spacegame\x64\debug\home.obj
e:\user\dev\learning\space-game\spacegame\spacegame\x64\debug\graphics.obj
e:\user\dev\learning\space-game\spacegame\spacegame\x64\debug\ghost.obj
e:\user\dev\learning\space-game\spacegame\spacegame\x64\debug\geometry.obj
e:\user\dev\learning\space-game\spacegame\spacegame\x64\debug\game.obj
e:\user\dev\learning\space-game\spacegame\spacegame\x64\debug\food.obj
e:\user\dev\learning\space-game\spacegame\spacegame\x64\debug\engine.obj
e:\user\dev\learning\space-game\spacegame\spacegame\shaders\pixel.cso
e:\user\dev\learning\space-game\spacegame\spacegame\shaders\vertex.cso
e:\user\dev\learning\space-game\spacegame\x64\debug\spacegame.exe
e:\user\dev\learning\space-game\spacegame\spacegame\x64\debug\spacegame.ilk
e:\user\dev\learning\space-game\spacegame\x64\debug\spacegame.pdb
e:\user\dev\learning\space-game\spacegame\spacegame\x64\debug\resources.res
e:\user\dev\learning\space-game\spacegame\spacegame\x64\debug\spacegame.tlog\cl.command.1.tlog
e:\user\dev\learning\space-game\spacegame\spacegame\x64\debug\spacegame.tlog\cl.read.1.tlog
e:\user\dev\learning\space-game\spacegame\spacegame\x64\debug\spacegame.tlog\cl.write.1.tlog
e:\user\dev\learning\space-game\spacegame\spacegame\x64\debug\spacegame.tlog\fxc.command.1.tlog
e:\user\dev\learning\space-game\spacegame\spacegame\x64\debug\spacegame.tlog\fxc.read.1.tlog
e:\user\dev\learning\space-game\spacegame\spacegame\x64\debug\spacegame.tlog\fxc.write.1.tlog
e:\user\dev\learning\space-game\spacegame\spacegame\x64\debug\spacegame.tlog\link.command.1.tlog
e:\user\dev\learning\space-game\spacegame\spacegame\x64\debug\spacegame.tlog\link.read.1.tlog
e:\user\dev\learning\space-game\spacegame\spacegame\x64\debug\spacegame.tlog\link.write.1.tlog
e:\user\dev\learning\space-game\spacegame\spacegame\x64\debug\spacegame.tlog\rc.command.1.tlog
e:\user\dev\learning\space-game\spacegame\spacegame\x64\debug\spacegame.tlog\rc.read.1.tlog
e:\user\dev\learning\space-game\spacegame\spacegame\x64\debug\spacegame.tlog\rc.write.1.tlog
